\BOOKMARK [1][-]{section.1}{Introduction}{}% 1
\BOOKMARK [1][-]{section.2}{Combinatorial Optimization Problems and Constructive Heuristics}{}% 2
\BOOKMARK [1][-]{section.3}{The ACO Algorithmic Framework}{}% 3
\BOOKMARK [2][-]{subsection.3.1}{Choice of pheromone trails and heuristic information}{section.3}% 4
\BOOKMARK [2][-]{subsection.3.2}{Solution construction}{section.3}% 5
\BOOKMARK [2][-]{subsection.3.3}{Global pheromone update}{section.3}% 6
\BOOKMARK [2][-]{subsection.3.4}{Pheromone update schedule}{section.3}% 7
\BOOKMARK [2][-]{subsection.3.5}{Initialization of pheromones}{section.3}% 8
\BOOKMARK [2][-]{subsection.3.6}{Pheromone reinitialization}{section.3}% 9
\BOOKMARK [2][-]{subsection.3.7}{Local pheromone update}{section.3}% 10
\BOOKMARK [2][-]{subsection.3.8}{Pheromone limits}{section.3}% 11
\BOOKMARK [2][-]{subsection.3.9}{Local search}{section.3}% 12
\BOOKMARK [2][-]{subsection.3.10}{ACO algorithms as instantiations of the ACO Metaheuristc}{section.3}% 13
\BOOKMARK [1][-]{section.4}{ACOTSP/ACOQAP: A unified framework of ACO algorithms for the TSP and QAP}{}% 14
\BOOKMARK [2][-]{subsection.4.1}{Finding a better ACO configuration for the TSP}{section.4}% 15
\BOOKMARK [2][-]{subsection.4.2}{Finding a better ACO configuration for the QAP}{section.4}% 16
\BOOKMARK [1][-]{section.5}{Applications of ACO to other problem types}{}% 17
\BOOKMARK [2][-]{subsection.5.1}{Continuous Optimization Problems}{section.5}% 18
\BOOKMARK [2][-]{subsection.5.2}{Multi-objective problems}{section.5}% 19
\BOOKMARK [2][-]{subsection.5.3}{Dynamic problems}{section.5}% 20
\BOOKMARK [2][-]{subsection.5.4}{Stochastic problems}{section.5}% 21
\BOOKMARK [1][-]{section.6}{ACO in combination with other methods}{}% 22
\BOOKMARK [2][-]{subsection.6.1}{ACO and tree search methods}{section.6}% 23
\BOOKMARK [2][-]{subsection.6.2}{ACO and exact methods}{section.6}% 24
\BOOKMARK [2][-]{subsection.6.3}{ACO and surrogate models}{section.6}% 25
\BOOKMARK [2][-]{subsection.6.4}{Parameter adaptation}{section.6}% 26
\BOOKMARK [2][-]{subsection.6.5}{IRACE automatic configuration}{section.6}% 27
\BOOKMARK [2][-]{subsection.6.6}{Existing ACO framework}{section.6}% 28
\BOOKMARK [1][-]{section.7}{Conclusions}{}% 29
